2025-05-01 22:55:28,976:INFO:root: Music cog initialized.
2025-05-01 22:55:28,976:INFO:root: Music cog loaded successfully.
2025-05-01 22:58:01,984:INFO:root: Music cog initialized.
2025-05-01 22:58:01,985:INFO:root: Music cog loaded successfully.
2025-05-01 22:58:24,417:INFO:root: Music cog initialized.
2025-05-01 22:58:24,417:INFO:root: Music cog loaded successfully.
2025-05-01 23:05:02,322:INFO:root: Music cog initialized.
2025-05-01 23:05:02,322:INFO:root: Music cog loaded successfully.
2025-05-01 23:08:45,972:INFO:root: Music cog initialized.
2025-05-01 23:08:45,973:INFO:root: Music cog loaded successfully.
2025-05-01 23:10:58,177:INFO:root: Music cog initialized.
2025-05-01 23:10:58,178:INFO:root: Music cog loaded successfully.
2025-05-01 23:10:58,178:INFO:discord.client: logging in using static token
2025-05-01 23:10:59,383:INFO:discord.gateway: Shard ID None has connected to Gateway (Session ID: 2daef5fd1f6bb8057f9522c16664caa7).
2025-05-01 23:11:01,395:INFO:root: Bot connected as Yuji#6048 (ID: 1360600922635370557)
2025-05-01 23:43:48,886:INFO:root: Music cog initialized.
2025-05-01 23:43:48,887:INFO:root: Music cog loaded successfully.
2025-05-01 23:43:48,887:INFO:discord.client: logging in using static token
2025-05-01 23:43:49,785:INFO:discord.gateway: Shard ID None has connected to Gateway (Session ID: be80163b3a26ad73c559b338782ec0e4).
2025-05-01 23:43:51,794:INFO:root: Bot connected as Yuji#6048 (ID: 1360600922635370557)
2025-05-01 23:44:03,766:INFO:root: Message from __deez__nuts__ in Steve Bot (Channel: general): "add"
2025-05-01 23:44:06,921:INFO:root: Message from __deez__nuts__ in Steve Bot (Channel: general): "!add"
2025-05-01 23:44:06,922:ERROR:discord.ext.commands.bot: Ignoring exception in command None
discord.ext.commands.errors.CommandNotFound: Command "add" is not found
2025-05-01 23:44:19,371:INFO:root: Music cog initialized.
2025-05-01 23:44:19,372:INFO:root: Music cog loaded successfully.
2025-05-01 23:44:19,478:ERROR:asyncio: Task exception was never retrieved
future: <Task finished name='discord-ext-tasks: Reminder.check_reminders' coro=<Loop._loop() done, defined at C:\Users\awpxr\AppData\Local\Programs\Python\Python313\Lib\site-packages\discord\ext\tasks\__init__.py:207> exception=RuntimeError('Client has not been properly initialised. Please use the login method or asynchronous context manager before calling this method')>
Traceback (most recent call last):
  File "C:\Users\awpxr\AppData\Local\Programs\Python\Python313\Lib\site-packages\discord\ext\tasks\__init__.py", line 209, in _loop
    await self._call_loop_function('before_loop')
  File "C:\Users\awpxr\AppData\Local\Programs\Python\Python313\Lib\site-packages\discord\ext\tasks\__init__.py", line 193, in _call_loop_function
    await coro(self._injected, *args, **kwargs)
  File "c:\space-work\Yuji\cogs\reminder.py", line 149, in before_check
    await self.bot.wait_until_ready()
  File "C:\Users\awpxr\AppData\Local\Programs\Python\Python313\Lib\site-packages\discord\client.py", line 1203, in wait_until_ready
    raise RuntimeError(
    ...<2 lines>...
    )
RuntimeError: Client has not been properly initialised. Please use the login method or asynchronous context manager before calling this method
2025-05-01 23:45:20,974:INFO:root: Music cog initialized.
2025-05-01 23:45:20,975:INFO:root: Music cog loaded successfully.
2025-05-01 23:45:21,016:INFO:discord.client: logging in using static token
2025-05-01 23:45:21,906:INFO:discord.gateway: Shard ID None has connected to Gateway (Session ID: c9e82ade1377d97d4d34c58d765d9c0b).
2025-05-01 23:45:23,910:INFO:root: Bot connected as Yuji#6048 (ID: 1360600922635370557)
2025-05-01 23:45:26,961:INFO:root: Message from __deez__nuts__ in Steve Bot (Channel: general): "!add"
2025-05-01 23:45:26,961:ERROR:discord.ext.commands.bot: Ignoring exception in command None
discord.ext.commands.errors.CommandNotFound: Command "add" is not found
2025-05-01 23:45:33,417:INFO:root: Message from __deez__nuts__ in Steve Bot (Channel: general): "!reminder"
2025-05-01 23:45:39,092:INFO:root: Message from __deez__nuts__ in Steve Bot (Channel: general): "!reminder add"
2025-05-01 23:45:39,093:ERROR:discord.ext.commands.bot: Ignoring exception in command reminder add
Traceback (most recent call last):
  File "C:\Users\awpxr\AppData\Local\Programs\Python\Python313\Lib\site-packages\discord\ext\commands\bot.py", line 1366, in invoke
    await ctx.command.invoke(ctx)
  File "C:\Users\awpxr\AppData\Local\Programs\Python\Python313\Lib\site-packages\discord\ext\commands\core.py", line 1650, in invoke
    await ctx.invoked_subcommand.invoke(ctx)
  File "C:\Users\awpxr\AppData\Local\Programs\Python\Python313\Lib\site-packages\discord\ext\commands\core.py", line 1021, in invoke
    await self.prepare(ctx)
  File "C:\Users\awpxr\AppData\Local\Programs\Python\Python313\Lib\site-packages\discord\ext\commands\core.py", line 938, in prepare
    await self._parse_arguments(ctx)
  File "C:\Users\awpxr\AppData\Local\Programs\Python\Python313\Lib\site-packages\discord\ext\commands\core.py", line 845, in _parse_arguments
    transformed = await self.transform(ctx, param, attachments)
                  ^^^^^^^^^^^^^^^^^^^^^^^^^^^^^^^^^^^^^^^^^^^^^
  File "C:\Users\awpxr\AppData\Local\Programs\Python\Python313\Lib\site-packages\discord\ext\commands\core.py", line 697, in transform
    raise MissingRequiredArgument(param)
discord.ext.commands.errors.MissingRequiredArgument: name is a required argument that is missing.
2025-05-01 23:47:26,086:INFO:root: Music cog initialized.
2025-05-01 23:47:26,086:INFO:root: Music cog loaded successfully.
2025-05-01 23:47:26,134:INFO:discord.client: logging in using static token
2025-05-01 23:47:27,297:INFO:discord.gateway: Shard ID None has connected to Gateway (Session ID: 7cdb1f765591d235d67275e494bbef99).
2025-05-01 23:47:29,309:INFO:root: Bot connected as Yuji#6048 (ID: 1360600922635370557)
2025-05-01 23:47:31,349:INFO:root: Message from __deez__nuts__ in Steve Bot (Channel: general): "!reminder"
2025-05-01 23:47:31,350:ERROR:discord.ext.commands.bot: Ignoring exception in command None
discord.ext.commands.errors.CommandNotFound: Command "reminder" is not found
2025-05-01 23:48:13,566:INFO:root: Music cog initialized.
2025-05-01 23:48:13,567:INFO:root: Music cog loaded successfully.
2025-05-01 23:48:13,577:INFO:discord.client: logging in using static token
2025-05-01 23:48:14,509:INFO:discord.gateway: Shard ID None has connected to Gateway (Session ID: 9d6184ca08a1a0a1dfcb4ea54a033f66).
2025-05-01 23:48:16,523:INFO:root: Bot connected as Yuji#6048 (ID: 1360600922635370557)
2025-05-01 23:50:13,666:INFO:root: Music cog initialized.
2025-05-01 23:50:13,666:INFO:root: Music cog loaded successfully.
2025-05-01 23:50:13,705:INFO:discord.client: logging in using static token
2025-05-01 23:50:14,735:INFO:discord.gateway: Shard ID None has connected to Gateway (Session ID: 1082c1ab43480aef2ab4ae4d19ccd349).
2025-05-01 23:50:16,744:INFO:root: Bot connected as Yuji#6048 (ID: 1360600922635370557)
2025-05-01 23:53:38,236:INFO:root: Music cog initialized.
2025-05-01 23:53:38,236:INFO:root: Music cog loaded successfully.
2025-05-01 23:53:38,244:INFO:discord.client: logging in using static token
2025-05-01 23:53:39,248:INFO:discord.gateway: Shard ID None has connected to Gateway (Session ID: 6a7f84baaf3f34b274399c01be57e1d9).
2025-05-01 23:53:41,261:INFO:root: Bot connected as Yuji#6048 (ID: 1360600922635370557)
2025-05-01 23:56:58,989:INFO:root: Music cog initialized.
2025-05-01 23:56:58,989:INFO:root: Music cog loaded successfully.
2025-05-01 23:56:59,038:INFO:discord.client: logging in using static token
2025-05-01 23:57:00,163:INFO:discord.gateway: Shard ID None has connected to Gateway (Session ID: 848f70e5f0c3298befccb2bad282a119).
2025-05-01 23:57:02,177:INFO:root: Bot connected as Yuji#6048 (ID: 1360600922635370557)
2025-05-02 00:07:55,995:INFO:root: Music cog initialized.
2025-05-02 00:07:55,996:INFO:root: Music cog loaded successfully.
2025-05-02 00:07:56,105:INFO:discord.client: logging in using static token
2025-05-02 00:07:57,105:INFO:discord.gateway: Shard ID None has connected to Gateway (Session ID: 1c8c088c55a85da4f9175b52c12ace76).
2025-05-02 00:07:59,150:INFO:root: Bot connected as Yuji#6048 (ID: 1360600922635370557)
2025-05-02 00:07:59,416:ERROR:discord.ext.tasks: Unhandled exception in internal background task 'check_reminders'.
Traceback (most recent call last):
  File "C:\Users\awpxr\AppData\Local\Programs\Python\Python313\Lib\site-packages\discord\ext\tasks\__init__.py", line 246, in _loop
    await self.coro(*args, **kwargs)
  File "c:\space-work\Yuji\cogs\reminder.py", line 56, in check_reminders
    remind_dt = datetime.fromisoformat(r["remind_utc"])  # aware UTC
                                       ~^^^^^^^^^^^^^^
KeyError: 'remind_utc'
2025-05-02 00:09:57,021:INFO:root: Music cog initialized.
2025-05-02 00:09:57,021:INFO:root: Music cog loaded successfully.
2025-05-02 00:09:57,089:INFO:discord.client: logging in using static token
2025-05-02 00:09:58,091:INFO:discord.gateway: Shard ID None has connected to Gateway (Session ID: 4dc5d576483c98205438abc3546453fd).
2025-05-02 00:10:00,097:INFO:root: Bot connected as Yuji#6048 (ID: 1360600922635370557)
2025-05-02 00:10:00,406:ERROR:discord.ext.tasks: Unhandled exception in internal background task 'check_reminders'.
Traceback (most recent call last):
  File "C:\Users\awpxr\AppData\Local\Programs\Python\Python313\Lib\site-packages\discord\ext\tasks\__init__.py", line 246, in _loop
    await self.coro(*args, **kwargs)
  File "c:\space-work\Yuji\cogs\reminder.py", line 83, in check_reminders
    if remind_dt <= now_utc:
       ^^^^^^^^^^^^^^^^^^^^
TypeError: can't compare offset-naive and offset-aware datetimes
2025-05-02 00:10:15,082:INFO:root: Music cog initialized.
2025-05-02 00:10:15,082:INFO:root: Music cog loaded successfully.
2025-05-02 00:10:18,669:INFO:root: Music cog initialized.
2025-05-02 00:10:18,670:INFO:root: Music cog loaded successfully.
2025-05-02 00:10:30,982:INFO:root: Music cog initialized.
2025-05-02 00:10:30,983:INFO:root: Music cog loaded successfully.
2025-05-02 00:10:31,017:INFO:discord.client: logging in using static token
2025-05-02 00:10:32,038:INFO:discord.gateway: Shard ID None has connected to Gateway (Session ID: 792f9da8c75706be57c241a4a139682d).
2025-05-02 00:10:34,056:INFO:root: Bot connected as Yuji#6048 (ID: 1360600922635370557)
2025-05-02 00:13:40,683:INFO:discord.gateway: Shard ID None has successfully RESUMED session 792f9da8c75706be57c241a4a139682d.
2025-05-02 00:14:57,354:INFO:root: Music cog initialized.
2025-05-02 00:14:57,354:INFO:root: Music cog loaded successfully.
2025-05-02 00:14:57,415:INFO:discord.client: logging in using static token
2025-05-02 00:14:58,464:INFO:discord.gateway: Shard ID None has connected to Gateway (Session ID: 097eeb75fa457346c3aee0315277e198).
2025-05-02 00:15:00,479:INFO:root: Bot connected as Yuji#6048 (ID: 1360600922635370557)
2025-05-02 00:17:20,091:INFO:root: Music cog initialized.
2025-05-02 00:17:20,091:INFO:root: Music cog loaded successfully.
2025-05-02 00:17:20,152:INFO:discord.client: logging in using static token
2025-05-02 00:17:21,595:INFO:discord.gateway: Shard ID None has connected to Gateway (Session ID: 9f9c7a7d613328c25ef95b05f99ac4af).
2025-05-02 00:17:23,602:INFO:root: Bot connected as Yuji#6048 (ID: 1360600922635370557)
2025-05-02 00:18:45,166:INFO:root: DM from __deez__nuts__: "www"
2025-05-02 00:23:16,196:INFO:root: Music cog initialized.
2025-05-02 00:23:16,197:INFO:root: Music cog loaded successfully.
2025-05-02 00:23:16,260:INFO:discord.client: logging in using static token
2025-05-02 00:23:17,281:INFO:discord.gateway: Shard ID None has connected to Gateway (Session ID: 36b49f3dc72d3cc077371ac0581b1339).
2025-05-02 00:23:19,297:INFO:root: Bot connected as Yuji#6048 (ID: 1360600922635370557)
